<?xml version="1.0" encoding="UTF-8"?>
<!-- Generated by org.testng.reporters.JUnitReportReporter -->
<testsuite hostname="Admin" failures="0" tests="1" name="ExpenseReport" time="124.399" errors="0" timestamp="2020-07-27T09:26:34 IST" skipped="0">
  <testcase classname="ExpenseReport" name="createPOReport" time="124.399"/>
</testsuite> <!-- ExpenseReport -->
