<?xml version="1.0" encoding="UTF-8"?>
<!-- Generated by org.testng.reporters.JUnitReportReporter -->
<testsuite hostname="Admin" failures="0" tests="1" name="TestReport" time="9.553" errors="0" timestamp="2020-07-15T12:29:24 IST" skipped="0">
  <testcase classname="TestReport" name="OpenBrowser" time="9.553"/>
</testsuite> <!-- TestReport -->
